OPCIONES REALIZAS EN EL SISTEMA DE SERVISEF
Error en l¡nea 6: Comando irreconocible.
-------------------------------------------
Error en l¡nea 7: Comando irreconocible.
1.1.- Cobranza de cuotas a los socios
Error en l¡nea 10: Error de sintaxis.
1.2.- Entrega de recibos de cobranza a cobradores
Error en l¡nea 11: Error de sintaxis.
2.-  Inscripci¢n de Socios  
Error en l¡nea 12: Error de sintaxis.
3.-  Kardex : Pagos realizados por los socios               
Error en l¡nea 13: Error de sintaxis.
4.-  Gastos : Gastos administrativos en la oficina                
Error en l¡nea 14: Error de sintaxis.
5.-  Ingresos : Ingresos administrativos en la oficina              
Error en l¡nea 15: Error de sintaxis.
6.-  Cat logos y tablas
Error en l¡nea 16: Error de sintaxis.
6.1.- Promotores
Error en l¡nea 17: Error de sintaxis.
6.2.- Cobradores
Error en l¡nea 18: Error de sintaxis.
6.3.- Personal    
Error en l¡nea 19: Error de sintaxis.
6.4.- Tipo Gastos    
Error en l¡nea 20: Error de sintaxis.
6.5.- Tipo Ingresos 
Error en l¡nea 21: Error de sintaxis.
6.6.- Parentesco 
Error en l¡nea 22: Error de sintaxis.
6.7.- Tipo de derechos
Error en l¡nea 23: Error de sintaxis.
6.8.- Instituciones 
Error en l¡nea 24: Error de sintaxis.
7.1.- Indexar archivos         
Error en l¡nea 26: Error de sintaxis.
7.2.- Backup de los archivos  
Error en l¡nea 27: Error de sintaxis.
7.3.- Depuraci¢n de backups 
Error en l¡nea 28: Error de sintaxis.
8.1.- Cobranzas de Socios
Error en l¡nea 30: Error de sintaxis.
8.2.- Morosos
Error en l¡nea 31: Error de sintaxis.
8.3.- Liquida Promotores
Error en l¡nea 32: Error de sintaxis.
8.4.- Liquida Cobradores 
Error en l¡nea 33: Error de sintaxis.
8.5.- Cobranzas Realizadas
Error en l¡nea 34: Error de sintaxis.
